Using pre-set license
Built from '2020.3/staging' branch; Version is '2020.3.8f1 (507919d4fff5) revision 5273881'; Using compiler version '192528614'; Build Type 'Release'
OS: 'Windows 10 Education; OS build 19042.985; Version 2009; 64bit' Language: 'en' Physical Memory: 16163 MB
BatchMode: 1, IsHumanControllingUs: 0, StartBugReporterOnCrash: 0, Is64bit: 1, IsPro: 0
<<<<<<< HEAD
No valid Unity Editor license found. Please activate your license.
Exiting without the bug reporter. Application will terminate with return code 0
=======

 COMMAND LINE ARGUMENTS:
C:\Program Files\Unity\Hub\Editor\2020.3.8f1\Editor\Unity.exe
-adb2
-batchMode
-noUpm
-name
AssetImportWorker0
-projectPath
C:/Users/godai.godai/Documents/GitHub/AmongMaths
-logFile
Logs/AssetImportWorker0.log
-srvPort
60464
Successfully changed project path to: C:/Users/godai.godai/Documents/GitHub/AmongMaths
C:/Users/godai.godai/Documents/GitHub/AmongMaths
Using Asset Import Pipeline V2.
Refreshing native plugins compatible for Editor in 33.68 ms, found 1 plugins.
Preloading 0 native plugins for Editor in 0.00 ms.
Initialize engine version: 2020.3.8f1 (507919d4fff5)
[Subsystems] Discovering subsystems at path C:/Program Files/Unity/Hub/Editor/2020.3.8f1/Editor/Data/Resources/UnitySubsystems
[Subsystems] Discovering subsystems at path C:/Users/godai.godai/Documents/GitHub/AmongMaths/Assets
GfxDevice: creating device client; threaded=0
Direct3D:
    Version:  Direct3D 11.0 [level 11.1]
    Renderer: AMD Radeon R7 430 (ID=0x6611)
    Vendor:   
    VRAM:     2028 MB
    Driver:   25.20.15026.1003
Initialize mono
Mono path[0] = 'C:/Program Files/Unity/Hub/Editor/2020.3.8f1/Editor/Data/Managed'
Mono path[1] = 'C:/Program Files/Unity/Hub/Editor/2020.3.8f1/Editor/Data/MonoBleedingEdge/lib/mono/unityjit'
Mono config path = 'C:/Program Files/Unity/Hub/Editor/2020.3.8f1/Editor/Data/MonoBleedingEdge/etc'
Using monoOptions --debugger-agent=transport=dt_socket,embedding=1,server=y,suspend=n,address=127.0.0.1:56880
Begin MonoManager ReloadAssembly
Registering precompiled unity dll's ...
Register platform support module: C:/Program Files/Unity/Hub/Editor/2020.3.8f1/Editor/Data/PlaybackEngines/WindowsStandaloneSupport/UnityEditor.WindowsStandalone.Extensions.dll
Registered in 0.001720 seconds.
Native extension for WindowsStandalone target not found
Refreshing native plugins compatible for Editor in 33.24 ms, found 1 plugins.
Preloading 0 native plugins for Editor in 0.00 ms.
Mono: successfully reloaded assembly
- Completed reload, in  0.815 seconds
Platform modules already initialized, skipping
Registering precompiled user dll's ...
Registered in 0.001090 seconds.
Begin MonoManager ReloadAssembly
Native extension for WindowsStandalone target not found
Refreshing native plugins compatible for Editor in 33.91 ms, found 1 plugins.
Preloading 0 native plugins for Editor in 0.00 ms.
Mono: successfully reloaded assembly
- Completed reload, in  0.858 seconds
Platform modules already initialized, skipping
========================================================================
Worker process is ready to serve import requests
Launched and connected shader compiler UnityShaderCompiler.exe after 0.04 seconds
Refreshing native plugins compatible for Editor in 0.37 ms, found 1 plugins.
Preloading 0 native plugins for Editor in 0.00 ms.
Unloading 1807 Unused Serialized files (Serialized files now loaded: 0)
System memory in use before: 84.7 MB.
System memory in use after: 84.8 MB.

Unloading 19 unused Assets to reduce memory usage. Loaded Objects now: 2254.
Total: 2.007100 ms (FindLiveObjects: 0.238200 ms CreateObjectMapping: 0.081900 ms MarkObjects: 1.622800 ms  DeleteObjects: 0.063200 ms)

========================================================================
Received Import Request.
  path: Assets
  artifactKey: Guid(00000000000000001000000000000000) Importer(815301076,1909f56bfc062723c751e8b465ee728b)
Start importing Assets using Guid(00000000000000001000000000000000) Importer(815301076,1909f56bfc062723c751e8b465ee728b)  -> (artifact id: '42d402b061de3733987d63b9cc3b64de') in 0.005328 seconds
  Import took 0.008296 seconds .

========================================================================
Received Import Request.
  Time since last request: 11.859366 seconds.
  path: Assets/Player Controller.cs
  artifactKey: Guid(78e49aab6328e8b4ba3a33adf7d151ed) Importer(815301076,1909f56bfc062723c751e8b465ee728b)
Start importing Assets/Player Controller.cs using Guid(78e49aab6328e8b4ba3a33adf7d151ed) Importer(815301076,1909f56bfc062723c751e8b465ee728b)  -> (artifact id: 'b1eadc420cc24391a976c655d40d1379') in 0.022407 seconds
  Import took 0.024985 seconds .

========================================================================
Received Prepare
Registering precompiled user dll's ...
Registered in 0.000956 seconds.
Begin MonoManager ReloadAssembly
Native extension for WindowsStandalone target not found
Refreshing native plugins compatible for Editor in 0.37 ms, found 1 plugins.
Preloading 0 native plugins for Editor in 0.00 ms.
Mono: successfully reloaded assembly
- Completed reload, in  0.822 seconds
Platform modules already initialized, skipping
Refreshing native plugins compatible for Editor in 0.30 ms, found 1 plugins.
Preloading 0 native plugins for Editor in 0.00 ms.
Unloading 1799 Unused Serialized files (Serialized files now loaded: 0)
System memory in use before: 84.3 MB.
System memory in use after: 84.4 MB.

Unloading 8 unused Assets to reduce memory usage. Loaded Objects now: 2258.
Total: 1.802900 ms (FindLiveObjects: 0.141800 ms CreateObjectMapping: 0.052300 ms MarkObjects: 1.593900 ms  DeleteObjects: 0.014300 ms)

========================================================================
Received Import Request.
  Time since last request: 70.149218 seconds.
  path: Assets/PlayerController.cs
  artifactKey: Guid(78e49aab6328e8b4ba3a33adf7d151ed) Importer(815301076,1909f56bfc062723c751e8b465ee728b)
Start importing Assets/PlayerController.cs using Guid(78e49aab6328e8b4ba3a33adf7d151ed) Importer(815301076,1909f56bfc062723c751e8b465ee728b)  -> (artifact id: 'b9585193ad3f594e4a6d944dc828fd2e') in 0.004988 seconds
  Import took 0.008245 seconds .

========================================================================
Received Prepare
Registering precompiled user dll's ...
Registered in 0.000984 seconds.
Begin MonoManager ReloadAssembly
Native extension for WindowsStandalone target not found
Refreshing native plugins compatible for Editor in 0.33 ms, found 1 plugins.
Preloading 0 native plugins for Editor in 0.00 ms.
Mono: successfully reloaded assembly
- Completed reload, in  0.785 seconds
Platform modules already initialized, skipping
Refreshing native plugins compatible for Editor in 0.37 ms, found 1 plugins.
Preloading 0 native plugins for Editor in 0.00 ms.
Unloading 1799 Unused Serialized files (Serialized files now loaded: 0)
System memory in use before: 84.4 MB.
System memory in use after: 84.5 MB.

Unloading 8 unused Assets to reduce memory usage. Loaded Objects now: 2261.
Total: 1.740400 ms (FindLiveObjects: 0.144400 ms CreateObjectMapping: 0.057500 ms MarkObjects: 1.523200 ms  DeleteObjects: 0.014400 ms)

========================================================================
Received Prepare
Registering precompiled user dll's ...
Registered in 0.001028 seconds.
Begin MonoManager ReloadAssembly
Native extension for WindowsStandalone target not found
Refreshing native plugins compatible for Editor in 0.33 ms, found 1 plugins.
Preloading 0 native plugins for Editor in 0.00 ms.
Mono: successfully reloaded assembly
- Completed reload, in  0.792 seconds
Platform modules already initialized, skipping
Refreshing native plugins compatible for Editor in 0.32 ms, found 1 plugins.
Preloading 0 native plugins for Editor in 0.00 ms.
Unloading 1799 Unused Serialized files (Serialized files now loaded: 0)
System memory in use before: 84.4 MB.
System memory in use after: 84.5 MB.

Unloading 8 unused Assets to reduce memory usage. Loaded Objects now: 2264.
Total: 1.800000 ms (FindLiveObjects: 0.149400 ms CreateObjectMapping: 0.053000 ms MarkObjects: 1.582100 ms  DeleteObjects: 0.014600 ms)

========================================================================
Received Prepare
Registering precompiled user dll's ...
Registered in 0.001022 seconds.
Begin MonoManager ReloadAssembly
Native extension for WindowsStandalone target not found
Refreshing native plugins compatible for Editor in 0.32 ms, found 1 plugins.
Preloading 0 native plugins for Editor in 0.00 ms.
Mono: successfully reloaded assembly
- Completed reload, in  0.815 seconds
Platform modules already initialized, skipping
Refreshing native plugins compatible for Editor in 0.32 ms, found 1 plugins.
Preloading 0 native plugins for Editor in 0.00 ms.
Unloading 1799 Unused Serialized files (Serialized files now loaded: 0)
System memory in use before: 84.4 MB.
System memory in use after: 84.5 MB.

Unloading 8 unused Assets to reduce memory usage. Loaded Objects now: 2267.
Total: 1.850900 ms (FindLiveObjects: 0.159600 ms CreateObjectMapping: 0.059700 ms MarkObjects: 1.615200 ms  DeleteObjects: 0.015400 ms)

========================================================================
Received Prepare
Registering precompiled user dll's ...
Registered in 0.001190 seconds.
Begin MonoManager ReloadAssembly
Native extension for WindowsStandalone target not found
Refreshing native plugins compatible for Editor in 0.33 ms, found 1 plugins.
Preloading 0 native plugins for Editor in 0.00 ms.
Mono: successfully reloaded assembly
- Completed reload, in  0.769 seconds
Platform modules already initialized, skipping
Refreshing native plugins compatible for Editor in 0.30 ms, found 1 plugins.
Preloading 0 native plugins for Editor in 0.00 ms.
Unloading 1799 Unused Serialized files (Serialized files now loaded: 0)
System memory in use before: 84.4 MB.
System memory in use after: 84.5 MB.

Unloading 8 unused Assets to reduce memory usage. Loaded Objects now: 2270.
Total: 1.801300 ms (FindLiveObjects: 0.152200 ms CreateObjectMapping: 0.060700 ms MarkObjects: 1.573800 ms  DeleteObjects: 0.013800 ms)

========================================================================
Received Prepare
Registering precompiled user dll's ...
Registered in 0.001091 seconds.
Begin MonoManager ReloadAssembly
Native extension for WindowsStandalone target not found
Refreshing native plugins compatible for Editor in 0.33 ms, found 1 plugins.
Preloading 0 native plugins for Editor in 0.00 ms.
Mono: successfully reloaded assembly
- Completed reload, in  0.784 seconds
Platform modules already initialized, skipping
Refreshing native plugins compatible for Editor in 0.36 ms, found 1 plugins.
Preloading 0 native plugins for Editor in 0.00 ms.
Unloading 1799 Unused Serialized files (Serialized files now loaded: 0)
System memory in use before: 84.4 MB.
System memory in use after: 84.5 MB.

Unloading 8 unused Assets to reduce memory usage. Loaded Objects now: 2273.
Total: 1.870100 ms (FindLiveObjects: 0.153800 ms CreateObjectMapping: 0.057800 ms MarkObjects: 1.642700 ms  DeleteObjects: 0.014800 ms)

========================================================================
Received Prepare
Registering precompiled user dll's ...
Registered in 0.001042 seconds.
Begin MonoManager ReloadAssembly
Native extension for WindowsStandalone target not found
Refreshing native plugins compatible for Editor in 0.34 ms, found 1 plugins.
Preloading 0 native plugins for Editor in 0.00 ms.
Mono: successfully reloaded assembly
- Completed reload, in  0.772 seconds
Platform modules already initialized, skipping
Refreshing native plugins compatible for Editor in 0.39 ms, found 1 plugins.
Preloading 0 native plugins for Editor in 0.00 ms.
Unloading 1799 Unused Serialized files (Serialized files now loaded: 0)
System memory in use before: 84.4 MB.
System memory in use after: 84.5 MB.

Unloading 8 unused Assets to reduce memory usage. Loaded Objects now: 2276.
Total: 1.780600 ms (FindLiveObjects: 0.155700 ms CreateObjectMapping: 0.057500 ms MarkObjects: 1.552000 ms  DeleteObjects: 0.014700 ms)

========================================================================
Received Prepare
Registering precompiled user dll's ...
Registered in 0.001042 seconds.
Begin MonoManager ReloadAssembly
Native extension for WindowsStandalone target not found
Refreshing native plugins compatible for Editor in 0.35 ms, found 1 plugins.
Preloading 0 native plugins for Editor in 0.00 ms.
Mono: successfully reloaded assembly
- Completed reload, in  0.791 seconds
Platform modules already initialized, skipping
Refreshing native plugins compatible for Editor in 0.43 ms, found 1 plugins.
Preloading 0 native plugins for Editor in 0.00 ms.
Unloading 1799 Unused Serialized files (Serialized files now loaded: 0)
System memory in use before: 84.4 MB.
System memory in use after: 84.6 MB.

Unloading 8 unused Assets to reduce memory usage. Loaded Objects now: 2279.
Total: 2.167900 ms (FindLiveObjects: 0.247000 ms CreateObjectMapping: 0.067300 ms MarkObjects: 1.837200 ms  DeleteObjects: 0.015600 ms)

========================================================================
Received Prepare
Registering precompiled user dll's ...
Registered in 0.001165 seconds.
Begin MonoManager ReloadAssembly
Native extension for WindowsStandalone target not found
Refreshing native plugins compatible for Editor in 0.33 ms, found 1 plugins.
Preloading 0 native plugins for Editor in 0.00 ms.
Mono: successfully reloaded assembly
- Completed reload, in  0.882 seconds
Platform modules already initialized, skipping
Refreshing native plugins compatible for Editor in 0.33 ms, found 1 plugins.
Preloading 0 native plugins for Editor in 0.00 ms.
Unloading 1799 Unused Serialized files (Serialized files now loaded: 0)
System memory in use before: 84.5 MB.
System memory in use after: 84.6 MB.

Unloading 8 unused Assets to reduce memory usage. Loaded Objects now: 2282.
Total: 1.998000 ms (FindLiveObjects: 0.174300 ms CreateObjectMapping: 0.068000 ms MarkObjects: 1.738800 ms  DeleteObjects: 0.016100 ms)

========================================================================
Received Import Request.
  Time since last request: 3110.386134 seconds.
  path: Assets/PlayerController.cs
  artifactKey: Guid(78e49aab6328e8b4ba3a33adf7d151ed) Importer(815301076,1909f56bfc062723c751e8b465ee728b)
Start importing Assets/PlayerController.cs using Guid(78e49aab6328e8b4ba3a33adf7d151ed) Importer(815301076,1909f56bfc062723c751e8b465ee728b)  -> (artifact id: '9614a497796a786c1d10c3509075d9fb') in 0.005824 seconds
  Import took 0.009338 seconds .

========================================================================
Received Import Request.
  Time since last request: 1270.660694 seconds.
  path: Assets/Imposter-Idle.png
  artifactKey: Guid(bc4a82ece1d048642be170be945b2ae5) Importer(815301076,1909f56bfc062723c751e8b465ee728b)
Start importing Assets/Imposter-Idle.png using Guid(bc4a82ece1d048642be170be945b2ae5) Importer(815301076,1909f56bfc062723c751e8b465ee728b)  -> (artifact id: 'aa5ad502a50ebe8cbdf89bc8689431c9') in 0.124414 seconds
  Import took 0.127727 seconds .

========================================================================
Received Import Request.
  Time since last request: 0.000252 seconds.
  path: Assets/Imposter-Run2.png
  artifactKey: Guid(1ebdc11090c06b242abf160ddf6f01d3) Importer(815301076,1909f56bfc062723c751e8b465ee728b)
Start importing Assets/Imposter-Run2.png using Guid(1ebdc11090c06b242abf160ddf6f01d3) Importer(815301076,1909f56bfc062723c751e8b465ee728b)  -> (artifact id: '2bc5397a4c8ed7071adba8cca642ec1b') in 0.010186 seconds
  Import took 0.012762 seconds .

========================================================================
Received Import Request.
  Time since last request: 0.000220 seconds.
  path: Assets/Imposter-Run3.png
  artifactKey: Guid(fd6b00bb38ee0674585d5a4653b864ce) Importer(815301076,1909f56bfc062723c751e8b465ee728b)
Start importing Assets/Imposter-Run3.png using Guid(fd6b00bb38ee0674585d5a4653b864ce) Importer(815301076,1909f56bfc062723c751e8b465ee728b)  -> (artifact id: 'a8c342595fc2c47810eb4cbd9f167839') in 0.010570 seconds
  Import took 0.013195 seconds .

========================================================================
Received Import Request.
  Time since last request: 0.000285 seconds.
  path: Assets/Imposter-Run1.png
  artifactKey: Guid(c7c656091e3c60a4ebf85cb0ea7e5770) Importer(815301076,1909f56bfc062723c751e8b465ee728b)
Start importing Assets/Imposter-Run1.png using Guid(c7c656091e3c60a4ebf85cb0ea7e5770) Importer(815301076,1909f56bfc062723c751e8b465ee728b)  -> (artifact id: '2cd8a657da6cb57acdf70d6e05241462') in 0.012108 seconds
  Import took 0.015116 seconds .

========================================================================
Received Import Request.
  Time since last request: 492.774288 seconds.
  path: Assets/Imposter-Idle.png
  artifactKey: Guid(bc4a82ece1d048642be170be945b2ae5) Importer(815301076,1909f56bfc062723c751e8b465ee728b)
Start importing Assets/Imposter-Idle.png using Guid(bc4a82ece1d048642be170be945b2ae5) Importer(815301076,1909f56bfc062723c751e8b465ee728b)  -> (artifact id: 'faa173317ceac2c74848307311bd3562') in 0.010761 seconds
  Import took 0.014384 seconds .

========================================================================
Received Import Request.
  Time since last request: 0.000237 seconds.
  path: Assets/Imposter-Run2.png
  artifactKey: Guid(1ebdc11090c06b242abf160ddf6f01d3) Importer(815301076,1909f56bfc062723c751e8b465ee728b)
Start importing Assets/Imposter-Run2.png using Guid(1ebdc11090c06b242abf160ddf6f01d3) Importer(815301076,1909f56bfc062723c751e8b465ee728b)  -> (artifact id: '19b093b22cb2e517d9d5582beafbceed') in 0.011486 seconds
  Import took 0.014099 seconds .

========================================================================
Received Import Request.
  Time since last request: 0.000283 seconds.
  path: Assets/Imposter-Run3.png
  artifactKey: Guid(fd6b00bb38ee0674585d5a4653b864ce) Importer(815301076,1909f56bfc062723c751e8b465ee728b)
Start importing Assets/Imposter-Run3.png using Guid(fd6b00bb38ee0674585d5a4653b864ce) Importer(815301076,1909f56bfc062723c751e8b465ee728b)  -> (artifact id: 'b74142e310ce2caaaa7c65d9b9685a4d') in 0.011223 seconds
  Import took 0.014443 seconds .

========================================================================
Received Import Request.
  Time since last request: 0.000290 seconds.
  path: Assets/Imposter-Run1.png
  artifactKey: Guid(c7c656091e3c60a4ebf85cb0ea7e5770) Importer(815301076,1909f56bfc062723c751e8b465ee728b)
Start importing Assets/Imposter-Run1.png using Guid(c7c656091e3c60a4ebf85cb0ea7e5770) Importer(815301076,1909f56bfc062723c751e8b465ee728b)  -> (artifact id: '5dc03020613381223eeeb8d186ff8ff3') in 0.010972 seconds
  Import took 0.013839 seconds .

========================================================================
Received Import Request.
  Time since last request: 15.950563 seconds.
  path: Assets/Imposter-Idle.png
  artifactKey: Guid(bc4a82ece1d048642be170be945b2ae5) Importer(815301076,1909f56bfc062723c751e8b465ee728b)
Start importing Assets/Imposter-Idle.png using Guid(bc4a82ece1d048642be170be945b2ae5) Importer(815301076,1909f56bfc062723c751e8b465ee728b)  -> (artifact id: '5556e3968178b86b977386f5099fb73b') in 0.009489 seconds
  Import took 0.012453 seconds .

========================================================================
Received Import Request.
  Time since last request: 0.000179 seconds.
  path: Assets/Imposter-Run2.png
  artifactKey: Guid(1ebdc11090c06b242abf160ddf6f01d3) Importer(815301076,1909f56bfc062723c751e8b465ee728b)
Start importing Assets/Imposter-Run2.png using Guid(1ebdc11090c06b242abf160ddf6f01d3) Importer(815301076,1909f56bfc062723c751e8b465ee728b)  -> (artifact id: '9f2ee6cf602e8e57347151359b3ae4f3') in 0.010402 seconds
  Import took 0.012983 seconds .

========================================================================
Received Import Request.
  Time since last request: 0.000275 seconds.
  path: Assets/Imposter-Run3.png
  artifactKey: Guid(fd6b00bb38ee0674585d5a4653b864ce) Importer(815301076,1909f56bfc062723c751e8b465ee728b)
Start importing Assets/Imposter-Run3.png using Guid(fd6b00bb38ee0674585d5a4653b864ce) Importer(815301076,1909f56bfc062723c751e8b465ee728b)  -> (artifact id: '5bdc664d9a256992465f4fac09ec424a') in 0.009814 seconds
  Import took 0.012675 seconds .

========================================================================
Received Import Request.
  Time since last request: 0.000211 seconds.
  path: Assets/Imposter-Run1.png
  artifactKey: Guid(c7c656091e3c60a4ebf85cb0ea7e5770) Importer(815301076,1909f56bfc062723c751e8b465ee728b)
Start importing Assets/Imposter-Run1.png using Guid(c7c656091e3c60a4ebf85cb0ea7e5770) Importer(815301076,1909f56bfc062723c751e8b465ee728b)  -> (artifact id: 'fc8625042ba76412fcbd2a437da9ac13') in 0.008950 seconds
  Import took 0.011707 seconds .

========================================================================
Received Import Request.
  Time since last request: 0.000213 seconds.
  path: Assets/Imposter-Run3.png
  artifactKey: Guid(fd6b00bb38ee0674585d5a4653b864ce) Importer(815301076,1909f56bfc062723c751e8b465ee728b)
Start importing Assets/Imposter-Run3.png using Guid(fd6b00bb38ee0674585d5a4653b864ce) Importer(815301076,1909f56bfc062723c751e8b465ee728b)  -> (artifact id: '5bdc664d9a256992465f4fac09ec424a') in 0.008958 seconds
  Import took 0.011638 seconds .

========================================================================
Received Import Request.
  Time since last request: 52.722988 seconds.
  path: Assets/Imposter-Idle.png
  artifactKey: Guid(bc4a82ece1d048642be170be945b2ae5) Importer(815301076,1909f56bfc062723c751e8b465ee728b)
Start importing Assets/Imposter-Idle.png using Guid(bc4a82ece1d048642be170be945b2ae5) Importer(815301076,1909f56bfc062723c751e8b465ee728b)  -> (artifact id: 'c7bf5c50343d9194b818560b7c74e38e') in 0.010436 seconds
  Import took 0.013272 seconds .

========================================================================
Received Import Request.
  Time since last request: 0.000219 seconds.
  path: Assets/Imposter-Run2.png
  artifactKey: Guid(1ebdc11090c06b242abf160ddf6f01d3) Importer(815301076,1909f56bfc062723c751e8b465ee728b)
Start importing Assets/Imposter-Run2.png using Guid(1ebdc11090c06b242abf160ddf6f01d3) Importer(815301076,1909f56bfc062723c751e8b465ee728b)  -> (artifact id: '1affe294a83c5d15919b5f0a4c94b962') in 0.009963 seconds
  Import took 0.012553 seconds .

========================================================================
Received Import Request.
  Time since last request: 0.000338 seconds.
  path: Assets/Imposter-Run3.png
  artifactKey: Guid(fd6b00bb38ee0674585d5a4653b864ce) Importer(815301076,1909f56bfc062723c751e8b465ee728b)
Start importing Assets/Imposter-Run3.png using Guid(fd6b00bb38ee0674585d5a4653b864ce) Importer(815301076,1909f56bfc062723c751e8b465ee728b)  -> (artifact id: '12370b27fad21218abab9d79b8c72f9e') in 0.011662 seconds
  Import took 0.014961 seconds .

========================================================================
Received Import Request.
  Time since last request: 0.000282 seconds.
  path: Assets/Imposter-Run1.png
  artifactKey: Guid(c7c656091e3c60a4ebf85cb0ea7e5770) Importer(815301076,1909f56bfc062723c751e8b465ee728b)
Start importing Assets/Imposter-Run1.png using Guid(c7c656091e3c60a4ebf85cb0ea7e5770) Importer(815301076,1909f56bfc062723c751e8b465ee728b)  -> (artifact id: '268cb216fb1103444f5f0e16612c4f0e') in 0.008616 seconds
  Import took 0.011287 seconds .

========================================================================
Received Import Request.
  Time since last request: 364.550040 seconds.
  path: Assets/Player.controller
  artifactKey: Guid(fb67385d5bd32f040907cb13e483f141) Importer(815301076,1909f56bfc062723c751e8b465ee728b)
Start importing Assets/Player.controller using Guid(fb67385d5bd32f040907cb13e483f141) Importer(815301076,1909f56bfc062723c751e8b465ee728b)  -> (artifact id: '9facc0633e04021d4eeb8d5f70212928') in 0.008508 seconds
  Import took 0.012220 seconds .

AssetImportWorkerClient::OnTransportError - code=2 error=End of file
>>>>>>> 1f925a72ecc11bece1353455493b491f1e64d45f
