Using pre-set license
Built from '2020.3/staging' branch; Version is '2020.3.8f1 (507919d4fff5) revision 5273881'; Using compiler version '192528614'; Build Type 'Release'
OS: 'Windows 10 Education; OS build 19042.985; Version 2009; 64bit' Language: 'en' Physical Memory: 16163 MB
BatchMode: 1, IsHumanControllingUs: 0, StartBugReporterOnCrash: 0, Is64bit: 1, IsPro: 0

 COMMAND LINE ARGUMENTS:
C:\Program Files\Unity\Hub\Editor\2020.3.8f1\Editor\Unity.exe
-adb2
-batchMode
-noUpm
-name
AssetImportWorker0
-projectPath
C:/Users/godai.godai/Documents/GitHub/AmongMaths
-logFile
Logs/AssetImportWorker0.log
-srvPort
56234
Successfully changed project path to: C:/Users/godai.godai/Documents/GitHub/AmongMaths
C:/Users/godai.godai/Documents/GitHub/AmongMaths
Using Asset Import Pipeline V2.
Refreshing native plugins compatible for Editor in 25.98 ms, found 0 plugins.
Preloading 0 native plugins for Editor in 0.00 ms.
Initialize engine version: 2020.3.8f1 (507919d4fff5)
[Subsystems] Discovering subsystems at path C:/Program Files/Unity/Hub/Editor/2020.3.8f1/Editor/Data/Resources/UnitySubsystems
[Subsystems] Discovering subsystems at path C:/Users/godai.godai/Documents/GitHub/AmongMaths/Assets
GfxDevice: creating device client; threaded=0
Direct3D:
    Version:  Direct3D 11.0 [level 11.1]
    Renderer: AMD Radeon R7 430 (ID=0x6611)
    Vendor:   
    VRAM:     2028 MB
    Driver:   25.20.15026.1003
Initialize mono
Mono path[0] = 'C:/Program Files/Unity/Hub/Editor/2020.3.8f1/Editor/Data/Managed'
Mono path[1] = 'C:/Program Files/Unity/Hub/Editor/2020.3.8f1/Editor/Data/MonoBleedingEdge/lib/mono/unityjit'
Mono config path = 'C:/Program Files/Unity/Hub/Editor/2020.3.8f1/Editor/Data/MonoBleedingEdge/etc'
Using monoOptions --debugger-agent=transport=dt_socket,embedding=1,server=y,suspend=n,address=127.0.0.1:56600
Begin MonoManager ReloadAssembly
Registering precompiled unity dll's ...
Register platform support module: C:/Program Files/Unity/Hub/Editor/2020.3.8f1/Editor/Data/PlaybackEngines/WindowsStandaloneSupport/UnityEditor.WindowsStandalone.Extensions.dll
Registered in 0.001912 seconds.
Native extension for WindowsStandalone target not found
Refreshing native plugins compatible for Editor in 23.54 ms, found 0 plugins.
Preloading 0 native plugins for Editor in 0.00 ms.
Mono: successfully reloaded assembly
- Completed reload, in  0.860 seconds
Platform modules already initialized, skipping
Registering precompiled user dll's ...
Registered in 0.000656 seconds.
Begin MonoManager ReloadAssembly
Native extension for WindowsStandalone target not found
Refreshing native plugins compatible for Editor in 0.20 ms, found 0 plugins.
Preloading 0 native plugins for Editor in 0.00 ms.
Mono: successfully reloaded assembly
- Completed reload, in  0.764 seconds
Platform modules already initialized, skipping
========================================================================
Worker process is ready to serve import requests
Launched and connected shader compiler UnityShaderCompiler.exe after 0.04 seconds
Refreshing native plugins compatible for Editor in 0.20 ms, found 0 plugins.
Preloading 0 native plugins for Editor in 0.00 ms.
Unloading 1098 Unused Serialized files (Serialized files now loaded: 0)
System memory in use before: 58.8 MB.
System memory in use after: 58.9 MB.

Unloading 13 unused Assets to reduce memory usage. Loaded Objects now: 1544.
Total: 1.566300 ms (FindLiveObjects: 0.105100 ms CreateObjectMapping: 0.026900 ms MarkObjects: 1.372900 ms  DeleteObjects: 0.060700 ms)

========================================================================
Received Import Request.
  path: Assets/Scenes/CalcTask.unity
  artifactKey: Guid(a4d5ff4b49c7c0d4e9487323fbdc4bef) Importer(815301076,1909f56bfc062723c751e8b465ee728b)
Start importing Assets/Scenes/CalcTask.unity using Guid(a4d5ff4b49c7c0d4e9487323fbdc4bef) Importer(815301076,1909f56bfc062723c751e8b465ee728b)  -> (artifact id: '1d4778a7633317fe00661fc2beeef9df') in 0.011553 seconds
  Import took 0.013136 seconds .

========================================================================
Received Import Request.
  Time since last request: 29.177108 seconds.
  path: Assets/Scenes/SampleScene.unity
  artifactKey: Guid(2cda990e2423bbf4892e6590ba056729) Importer(815301076,1909f56bfc062723c751e8b465ee728b)
Start importing Assets/Scenes/SampleScene.unity using Guid(2cda990e2423bbf4892e6590ba056729) Importer(815301076,1909f56bfc062723c751e8b465ee728b)  -> (artifact id: '7dd337e62690173ab367dea54be9b2e5') in 0.002795 seconds
  Import took 0.004452 seconds .

========================================================================
Received Prepare
Refreshing native plugins compatible for Editor in 0.65 ms, found 0 plugins.
Preloading 0 native plugins for Editor in 0.00 ms.
Unloading 3 Unused Serialized files (Serialized files now loaded: 0)
System memory in use before: 35.9 MB.
System memory in use after: 36.0 MB.

Unloading 2 unused Assets to reduce memory usage. Loaded Objects now: 1544.
Total: 1.714200 ms (FindLiveObjects: 0.104000 ms CreateObjectMapping: 0.029100 ms MarkObjects: 1.569500 ms  DeleteObjects: 0.010600 ms)

========================================================================
Received Import Request.
  Time since last request: 10.723669 seconds.
  path: Assets/Scenes/Asstest
  artifactKey: Guid(de5db726e8fa5a04aa3170238c42ae1e) Importer(815301076,1909f56bfc062723c751e8b465ee728b)
Start importing Assets/Scenes/Asstest using Guid(de5db726e8fa5a04aa3170238c42ae1e) Importer(815301076,1909f56bfc062723c751e8b465ee728b)  -> (artifact id: 'f9640dcd22a2200a228e8dfc39e03b2f') in 0.001982 seconds
  Import took 0.003351 seconds .

========================================================================
Received Import Request.
  Time since last request: 8.352441 seconds.
  path: Assets/Scenes/Assets
  artifactKey: Guid(de5db726e8fa5a04aa3170238c42ae1e) Importer(815301076,1909f56bfc062723c751e8b465ee728b)
Start importing Assets/Scenes/Assets using Guid(de5db726e8fa5a04aa3170238c42ae1e) Importer(815301076,1909f56bfc062723c751e8b465ee728b)  -> (artifact id: 'f36bb781a1d9ea83b960308ce57813ce') in 0.002287 seconds
  Import took 0.004101 seconds .

========================================================================
Received Import Request.
  Time since last request: 33.178867 seconds.
  path: Assets/Scenes/Assets/02.png
  artifactKey: Guid(b8acafa2585dfab43906c54b260684f1) Importer(815301076,1909f56bfc062723c751e8b465ee728b)
Start importing Assets/Scenes/Assets/02.png using Guid(b8acafa2585dfab43906c54b260684f1) Importer(815301076,1909f56bfc062723c751e8b465ee728b)  -> (artifact id: '6ae9d741e96fd4857434d9ffdfaa09bc') in 0.108816 seconds
  Import took 0.110631 seconds .

========================================================================
Received Import Request.
  Time since last request: 0.000324 seconds.
  path: Assets/Scenes/Assets/ConnecterCafToStorage.png
  artifactKey: Guid(408483295f8eab144a31026ff04f07c2) Importer(815301076,1909f56bfc062723c751e8b465ee728b)
Start importing Assets/Scenes/Assets/ConnecterCafToStorage.png using Guid(408483295f8eab144a31026ff04f07c2) Importer(815301076,1909f56bfc062723c751e8b465ee728b)  -> (artifact id: 'cbc144a9636765189651606bc0c55b42') in 0.009233 seconds
  Import took 0.010813 seconds .

========================================================================
Received Import Request.
  Time since last request: 0.000242 seconds.
  path: Assets/Scenes/Assets/Comms.png
  artifactKey: Guid(a1e0356c044650c4ba2b7b698c1e63e6) Importer(815301076,1909f56bfc062723c751e8b465ee728b)
Start importing Assets/Scenes/Assets/Comms.png using Guid(a1e0356c044650c4ba2b7b698c1e63e6) Importer(815301076,1909f56bfc062723c751e8b465ee728b)  -> (artifact id: '81575f27ac59c80bad377b877881a17b') in 0.020356 seconds
  Import took 0.021966 seconds .

========================================================================
Received Import Request.
  Time since last request: 0.000273 seconds.
  path: Assets/Scenes/Assets/admin.png
  artifactKey: Guid(044baafe2ef22b645963a5196ab8a99a) Importer(815301076,1909f56bfc062723c751e8b465ee728b)
Start importing Assets/Scenes/Assets/admin.png using Guid(044baafe2ef22b645963a5196ab8a99a) Importer(815301076,1909f56bfc062723c751e8b465ee728b)  -> (artifact id: 'be97f257427ecfda2d6af5cee8319d52') in 0.013407 seconds
  Import took 0.015070 seconds .

========================================================================
Received Import Request.
  Time since last request: 0.000300 seconds.
  path: Assets/Scenes/Assets/CAffs.png
  artifactKey: Guid(c3a680bd04df31e468fedeb7feabce9e) Importer(815301076,1909f56bfc062723c751e8b465ee728b)
Start importing Assets/Scenes/Assets/CAffs.png using Guid(c3a680bd04df31e468fedeb7feabce9e) Importer(815301076,1909f56bfc062723c751e8b465ee728b)  -> (artifact id: '78173e89fa88a450ebb21b15696fe6da') in 0.011286 seconds
  Import took 0.013029 seconds .

========================================================================
Received Import Request.
  Time since last request: 0.000267 seconds.
  path: Assets/Scenes/Assets/medbay.png
  artifactKey: Guid(865327f472fee5f4b9a2366c192e0cb0) Importer(815301076,1909f56bfc062723c751e8b465ee728b)
Start importing Assets/Scenes/Assets/medbay.png using Guid(865327f472fee5f4b9a2366c192e0cb0) Importer(815301076,1909f56bfc062723c751e8b465ee728b)  -> (artifact id: '228055a557f2f83565a3ad8a3e248f5d') in 0.009595 seconds
  Import took 0.011575 seconds .

========================================================================
Received Import Request.
  Time since last request: 0.000283 seconds.
  path: Assets/Scenes/Assets/navigation.png
  artifactKey: Guid(828fb8aaf88c4524cae9661943378d0f) Importer(815301076,1909f56bfc062723c751e8b465ee728b)
Start importing Assets/Scenes/Assets/navigation.png using Guid(828fb8aaf88c4524cae9661943378d0f) Importer(815301076,1909f56bfc062723c751e8b465ee728b)  -> (artifact id: '0f13591b7249f701a660bb4d633676f4') in 0.013038 seconds
  Import took 0.015090 seconds .

========================================================================
Received Import Request.
  Time since last request: 0.000245 seconds.
  path: Assets/Scenes/Assets/ConnecterCafToEngine.png
  artifactKey: Guid(bb8559065e7a9d34ba6c156390e18fe2) Importer(815301076,1909f56bfc062723c751e8b465ee728b)
Start importing Assets/Scenes/Assets/ConnecterCafToEngine.png using Guid(bb8559065e7a9d34ba6c156390e18fe2) Importer(815301076,1909f56bfc062723c751e8b465ee728b)  -> (artifact id: 'f1a0e3afa984d7e48194a964fcaaabec') in 0.008566 seconds
  Import took 0.010218 seconds .

========================================================================
Received Import Request.
  Time since last request: 5.561281 seconds.
  path: Assets/Scenes/Assets/Eletcical updated.png
  artifactKey: Guid(e3e7fa914479d04458aaea49212bdd45) Importer(815301076,1909f56bfc062723c751e8b465ee728b)
Start importing Assets/Scenes/Assets/Eletcical updated.png using Guid(e3e7fa914479d04458aaea49212bdd45) Importer(815301076,1909f56bfc062723c751e8b465ee728b)  -> (artifact id: 'b1448bd58e8db2a81dba48cd045e15c2') in 0.011596 seconds
  Import took 0.013502 seconds .

========================================================================
Received Import Request.
  Time since last request: 0.001184 seconds.
  path: Assets/Scenes/Assets/Eletcical updated.png
  artifactKey: Guid(e3e7fa914479d04458aaea49212bdd45) Importer(815301076,1909f56bfc062723c751e8b465ee728b)
Start importing Assets/Scenes/Assets/Eletcical updated.png using Guid(e3e7fa914479d04458aaea49212bdd45) Importer(815301076,1909f56bfc062723c751e8b465ee728b)  -> (artifact id: 'b1448bd58e8db2a81dba48cd045e15c2') in 0.008778 seconds
  Import took 0.010842 seconds .

========================================================================
Received Import Request.
  Time since last request: 1.297323 seconds.
  path: Assets/Scenes/Assets/Sheilds.png
  artifactKey: Guid(6ffd99409feeebf4a940e5fda7f27da7) Importer(815301076,1909f56bfc062723c751e8b465ee728b)
Start importing Assets/Scenes/Assets/Sheilds.png using Guid(6ffd99409feeebf4a940e5fda7f27da7) Importer(815301076,1909f56bfc062723c751e8b465ee728b)  -> (artifact id: 'c7d563a9a10f4c5c5bc2e86479a6e047') in 0.016203 seconds
  Import took 0.018115 seconds .

========================================================================
Received Import Request.
  Time since last request: 1.027311 seconds.
  path: Assets/Scenes/Assets/Storagereal.png
  artifactKey: Guid(4e806399a649cf940ae3a8d1bbd76b9b) Importer(815301076,1909f56bfc062723c751e8b465ee728b)
Start importing Assets/Scenes/Assets/Storagereal.png using Guid(4e806399a649cf940ae3a8d1bbd76b9b) Importer(815301076,1909f56bfc062723c751e8b465ee728b)  -> (artifact id: '84884c9d03e4896c415ef7260d775325') in 0.011378 seconds
  Import took 0.013124 seconds .

========================================================================
Received Import Request.
  Time since last request: 0.000944 seconds.
  path: Assets/Scenes/Assets/Storagereal.png
  artifactKey: Guid(4e806399a649cf940ae3a8d1bbd76b9b) Importer(815301076,1909f56bfc062723c751e8b465ee728b)
Start importing Assets/Scenes/Assets/Storagereal.png using Guid(4e806399a649cf940ae3a8d1bbd76b9b) Importer(815301076,1909f56bfc062723c751e8b465ee728b)  -> (artifact id: '84884c9d03e4896c415ef7260d775325') in 0.008365 seconds
  Import took 0.010468 seconds .

========================================================================
Received Import Request.
  Time since last request: 3.597607 seconds.
  path: Assets/Scenes/Assets/weapons .png
  artifactKey: Guid(0f5e0b962ebceda4da0f10a07c704cae) Importer(815301076,1909f56bfc062723c751e8b465ee728b)
Start importing Assets/Scenes/Assets/weapons .png using Guid(0f5e0b962ebceda4da0f10a07c704cae) Importer(815301076,1909f56bfc062723c751e8b465ee728b)  -> (artifact id: '0adfab3f6913d9c113fff8d8c834dd7d') in 0.011978 seconds
  Import took 0.014379 seconds .

========================================================================
Received Import Request.
  Time since last request: 2.943217 seconds.
  path: Assets/Scenes/Assets/StorageAndSheildsConnector.png
  artifactKey: Guid(bdea35cb15f968b4392344846e892ebc) Importer(815301076,1909f56bfc062723c751e8b465ee728b)
Start importing Assets/Scenes/Assets/StorageAndSheildsConnector.png using Guid(bdea35cb15f968b4392344846e892ebc) Importer(815301076,1909f56bfc062723c751e8b465ee728b)  -> (artifact id: 'ab47ca244fbb532411f1329bdbfb5697') in 0.015973 seconds
  Import took 0.018076 seconds .

========================================================================
Received Import Request.
  Time since last request: 0.001760 seconds.
  path: Assets/Scenes/Assets/StorageAndSheildsConnector.png
  artifactKey: Guid(bdea35cb15f968b4392344846e892ebc) Importer(815301076,1909f56bfc062723c751e8b465ee728b)
Start importing Assets/Scenes/Assets/StorageAndSheildsConnector.png using Guid(bdea35cb15f968b4392344846e892ebc) Importer(815301076,1909f56bfc062723c751e8b465ee728b)  -> (artifact id: 'ab47ca244fbb532411f1329bdbfb5697') in 0.010660 seconds
  Import took 0.012583 seconds .

========================================================================
Received Import Request.
  Time since last request: 141.001443 seconds.
  path: Assets/1190853.jpg
  artifactKey: Guid(b39dfc273422a404cb8c6eb42f3929d0) Importer(815301076,1909f56bfc062723c751e8b465ee728b)
Start importing Assets/1190853.jpg using Guid(b39dfc273422a404cb8c6eb42f3929d0) Importer(815301076,1909f56bfc062723c751e8b465ee728b)  -> (artifact id: '82bbf6c73415707c50536c2291e84b4c') in 0.017613 seconds
  Import took 0.019445 seconds .

========================================================================
Received Import Request.
  Time since last request: 0.000282 seconds.
  path: Assets/among-us-player-red-512.png
  artifactKey: Guid(5e68c554594ce5b4799d4905c7327d21) Importer(815301076,1909f56bfc062723c751e8b465ee728b)
Start importing Assets/among-us-player-red-512.png using Guid(5e68c554594ce5b4799d4905c7327d21) Importer(815301076,1909f56bfc062723c751e8b465ee728b)  -> (artifact id: '754fef2dc869519e3fe48edc9507aeda') in 0.009890 seconds
  Import took 0.011803 seconds .

========================================================================
Received Import Request.
  Time since last request: 58.399637 seconds.
  path: Assets/Imposter-Idle.png
  artifactKey: Guid(bc4a82ece1d048642be170be945b2ae5) Importer(815301076,1909f56bfc062723c751e8b465ee728b)
Start importing Assets/Imposter-Idle.png using Guid(bc4a82ece1d048642be170be945b2ae5) Importer(815301076,1909f56bfc062723c751e8b465ee728b)  -> (artifact id: 'a64d1925accf37325096eb0497576bef') in 0.012995 seconds
  Import took 0.015081 seconds .

========================================================================
Received Import Request.
  Time since last request: 0.000197 seconds.
  path: Assets/Imposter-Run2.png
  artifactKey: Guid(1ebdc11090c06b242abf160ddf6f01d3) Importer(815301076,1909f56bfc062723c751e8b465ee728b)
Start importing Assets/Imposter-Run2.png using Guid(1ebdc11090c06b242abf160ddf6f01d3) Importer(815301076,1909f56bfc062723c751e8b465ee728b)  -> (artifact id: '494f577d423bc06ed2d7799462ccaa5f') in 0.010733 seconds
  Import took 0.012643 seconds .

========================================================================
Received Import Request.
  Time since last request: 0.000172 seconds.
  path: Assets/Imposter-Run3.png
  artifactKey: Guid(fd6b00bb38ee0674585d5a4653b864ce) Importer(815301076,1909f56bfc062723c751e8b465ee728b)
Start importing Assets/Imposter-Run3.png using Guid(fd6b00bb38ee0674585d5a4653b864ce) Importer(815301076,1909f56bfc062723c751e8b465ee728b)  -> (artifact id: 'fc8116b78763c75944a0fa9d51f37e4d') in 0.009414 seconds
  Import took 0.011203 seconds .

========================================================================
Received Import Request.
  Time since last request: 0.000264 seconds.
  path: Assets/Imposter-Run1.png
  artifactKey: Guid(c7c656091e3c60a4ebf85cb0ea7e5770) Importer(815301076,1909f56bfc062723c751e8b465ee728b)
Start importing Assets/Imposter-Run1.png using Guid(c7c656091e3c60a4ebf85cb0ea7e5770) Importer(815301076,1909f56bfc062723c751e8b465ee728b)  -> (artifact id: 'ce0bc8b5a87073f8ae5d6fed1eb36840') in 0.008767 seconds
  Import took 0.010465 seconds .

========================================================================
Received Import Request.
  Time since last request: 11.507017 seconds.
  path: Assets/Imposter-Idle.png
  artifactKey: Guid(bc4a82ece1d048642be170be945b2ae5) Importer(815301076,1909f56bfc062723c751e8b465ee728b)
Start importing Assets/Imposter-Idle.png using Guid(bc4a82ece1d048642be170be945b2ae5) Importer(815301076,1909f56bfc062723c751e8b465ee728b)  -> (artifact id: '90ead0cc204d96143a55373dc20cfbf7') in 0.017264 seconds
  Import took 0.019073 seconds .

========================================================================
Received Import Request.
  Time since last request: 0.000262 seconds.
  path: Assets/Imposter-Run2.png
  artifactKey: Guid(1ebdc11090c06b242abf160ddf6f01d3) Importer(815301076,1909f56bfc062723c751e8b465ee728b)
Start importing Assets/Imposter-Run2.png using Guid(1ebdc11090c06b242abf160ddf6f01d3) Importer(815301076,1909f56bfc062723c751e8b465ee728b)  -> (artifact id: 'edcba9be6390d6b8e8aaa8afe815f255') in 0.009406 seconds
  Import took 0.011108 seconds .

========================================================================
Received Import Request.
  Time since last request: 0.000294 seconds.
  path: Assets/Imposter-Run3.png
  artifactKey: Guid(fd6b00bb38ee0674585d5a4653b864ce) Importer(815301076,1909f56bfc062723c751e8b465ee728b)
Start importing Assets/Imposter-Run3.png using Guid(fd6b00bb38ee0674585d5a4653b864ce) Importer(815301076,1909f56bfc062723c751e8b465ee728b)  -> (artifact id: '8a638165b8578448f22b55b52710a7c2') in 0.008936 seconds
  Import took 0.010959 seconds .

========================================================================
Received Import Request.
  Time since last request: 0.000309 seconds.
  path: Assets/Imposter-Run1.png
  artifactKey: Guid(c7c656091e3c60a4ebf85cb0ea7e5770) Importer(815301076,1909f56bfc062723c751e8b465ee728b)
Start importing Assets/Imposter-Run1.png using Guid(c7c656091e3c60a4ebf85cb0ea7e5770) Importer(815301076,1909f56bfc062723c751e8b465ee728b)  -> (artifact id: 'b8a2feac36b6cb4afbc36ef758ff0cb2') in 0.009108 seconds
  Import took 0.010868 seconds .

========================================================================
Received Import Request.
  Time since last request: 43.768801 seconds.
  path: Assets/Imposter-Idle.png
  artifactKey: Guid(bc4a82ece1d048642be170be945b2ae5) Importer(815301076,1909f56bfc062723c751e8b465ee728b)
Start importing Assets/Imposter-Idle.png using Guid(bc4a82ece1d048642be170be945b2ae5) Importer(815301076,1909f56bfc062723c751e8b465ee728b)  -> (artifact id: '8b491d80fa95218d783a758bc3608cb9') in 0.019675 seconds
  Import took 0.022175 seconds .

========================================================================
Received Import Request.
  Time since last request: 0.000508 seconds.
  path: Assets/Imposter-Run2.png
  artifactKey: Guid(1ebdc11090c06b242abf160ddf6f01d3) Importer(815301076,1909f56bfc062723c751e8b465ee728b)
Start importing Assets/Imposter-Run2.png using Guid(1ebdc11090c06b242abf160ddf6f01d3) Importer(815301076,1909f56bfc062723c751e8b465ee728b)  -> (artifact id: '941d15bbaf269134f5875f193ffcea57') in 0.010097 seconds
  Import took 0.012230 seconds .

========================================================================
Received Import Request.
  Time since last request: 0.000326 seconds.
  path: Assets/Imposter-Run3.png
  artifactKey: Guid(fd6b00bb38ee0674585d5a4653b864ce) Importer(815301076,1909f56bfc062723c751e8b465ee728b)
Start importing Assets/Imposter-Run3.png using Guid(fd6b00bb38ee0674585d5a4653b864ce) Importer(815301076,1909f56bfc062723c751e8b465ee728b)  -> (artifact id: 'a9014ce2a6b2268e690e5e7b58954c1e') in 0.010534 seconds
  Import took 0.012601 seconds .

========================================================================
Received Import Request.
  Time since last request: 0.000339 seconds.
  path: Assets/Imposter-Run1.png
  artifactKey: Guid(c7c656091e3c60a4ebf85cb0ea7e5770) Importer(815301076,1909f56bfc062723c751e8b465ee728b)
Start importing Assets/Imposter-Run1.png using Guid(c7c656091e3c60a4ebf85cb0ea7e5770) Importer(815301076,1909f56bfc062723c751e8b465ee728b)  -> (artifact id: 'af9836cc347675a6fce67d7be319df51') in 0.009763 seconds
  Import took 0.011978 seconds .

========================================================================
Received Prepare
Registering precompiled user dll's ...
Registered in 0.000625 seconds.
Begin MonoManager ReloadAssembly
Native extension for WindowsStandalone target not found
Refreshing native plugins compatible for Editor in 0.19 ms, found 0 plugins.
Preloading 0 native plugins for Editor in 0.00 ms.
Mono: successfully reloaded assembly
- Completed reload, in  0.722 seconds
Platform modules already initialized, skipping
Refreshing native plugins compatible for Editor in 0.18 ms, found 0 plugins.
Preloading 0 native plugins for Editor in 0.00 ms.
Unloading 1080 Unused Serialized files (Serialized files now loaded: 0)
System memory in use before: 60.6 MB.
System memory in use after: 60.7 MB.

Unloading 4 unused Assets to reduce memory usage. Loaded Objects now: 1577.
Total: 1.503800 ms (FindLiveObjects: 0.105700 ms CreateObjectMapping: 0.026400 ms MarkObjects: 1.357500 ms  DeleteObjects: 0.013300 ms)

========================================================================
Received Prepare
Registering precompiled user dll's ...
Registered in 0.000646 seconds.
Begin MonoManager ReloadAssembly
Native extension for WindowsStandalone target not found
Refreshing native plugins compatible for Editor in 0.20 ms, found 0 plugins.
Preloading 0 native plugins for Editor in 0.00 ms.
Mono: successfully reloaded assembly
- Completed reload, in  0.706 seconds
Platform modules already initialized, skipping
Refreshing native plugins compatible for Editor in 0.18 ms, found 0 plugins.
Preloading 0 native plugins for Editor in 0.00 ms.
Unloading 1080 Unused Serialized files (Serialized files now loaded: 0)
System memory in use before: 60.6 MB.
System memory in use after: 60.7 MB.

Unloading 4 unused Assets to reduce memory usage. Loaded Objects now: 1580.
Total: 1.478200 ms (FindLiveObjects: 0.116900 ms CreateObjectMapping: 0.032000 ms MarkObjects: 1.313700 ms  DeleteObjects: 0.014700 ms)

========================================================================
Received Prepare
Registering precompiled user dll's ...
Registered in 0.000594 seconds.
Begin MonoManager ReloadAssembly
Native extension for WindowsStandalone target not found
Refreshing native plugins compatible for Editor in 0.19 ms, found 0 plugins.
Preloading 0 native plugins for Editor in 0.00 ms.
Mono: successfully reloaded assembly
- Completed reload, in  0.721 seconds
Platform modules already initialized, skipping
Refreshing native plugins compatible for Editor in 0.17 ms, found 0 plugins.
Preloading 0 native plugins for Editor in 0.00 ms.
Unloading 1080 Unused Serialized files (Serialized files now loaded: 0)
System memory in use before: 60.6 MB.
System memory in use after: 60.7 MB.

Unloading 4 unused Assets to reduce memory usage. Loaded Objects now: 1583.
Total: 1.469800 ms (FindLiveObjects: 0.108400 ms CreateObjectMapping: 0.028700 ms MarkObjects: 1.318500 ms  DeleteObjects: 0.013100 ms)

========================================================================
Received Prepare
Registering precompiled user dll's ...
Registered in 0.000685 seconds.
Begin MonoManager ReloadAssembly
Native extension for WindowsStandalone target not found
Refreshing native plugins compatible for Editor in 0.19 ms, found 0 plugins.
Preloading 0 native plugins for Editor in 0.00 ms.
Mono: successfully reloaded assembly
- Completed reload, in  0.692 seconds
Platform modules already initialized, skipping
Refreshing native plugins compatible for Editor in 0.17 ms, found 0 plugins.
Preloading 0 native plugins for Editor in 0.00 ms.
Unloading 1080 Unused Serialized files (Serialized files now loaded: 0)
System memory in use before: 60.6 MB.
System memory in use after: 60.7 MB.

Unloading 4 unused Assets to reduce memory usage. Loaded Objects now: 1586.
Total: 1.455800 ms (FindLiveObjects: 0.102300 ms CreateObjectMapping: 0.026500 ms MarkObjects: 1.312800 ms  DeleteObjects: 0.013100 ms)

========================================================================
Received Prepare
Registering precompiled user dll's ...
Registered in 0.000635 seconds.
Begin MonoManager ReloadAssembly
Native extension for WindowsStandalone target not found
Refreshing native plugins compatible for Editor in 0.20 ms, found 0 plugins.
Preloading 0 native plugins for Editor in 0.00 ms.
Mono: successfully reloaded assembly
- Completed reload, in  0.708 seconds
Platform modules already initialized, skipping
Refreshing native plugins compatible for Editor in 0.18 ms, found 0 plugins.
Preloading 0 native plugins for Editor in 0.00 ms.
Unloading 1080 Unused Serialized files (Serialized files now loaded: 0)
System memory in use before: 60.7 MB.
System memory in use after: 60.7 MB.

Unloading 4 unused Assets to reduce memory usage. Loaded Objects now: 1589.
Total: 1.387700 ms (FindLiveObjects: 0.108400 ms CreateObjectMapping: 0.026200 ms MarkObjects: 1.238500 ms  DeleteObjects: 0.013400 ms)

========================================================================
Received Prepare
Registering precompiled user dll's ...
Registered in 0.000638 seconds.
Begin MonoManager ReloadAssembly
Native extension for WindowsStandalone target not found
Refreshing native plugins compatible for Editor in 0.19 ms, found 0 plugins.
Preloading 0 native plugins for Editor in 0.00 ms.
Mono: successfully reloaded assembly
- Completed reload, in  0.723 seconds
Platform modules already initialized, skipping
Refreshing native plugins compatible for Editor in 0.21 ms, found 0 plugins.
Preloading 0 native plugins for Editor in 0.00 ms.
Unloading 1080 Unused Serialized files (Serialized files now loaded: 0)
System memory in use before: 60.7 MB.
System memory in use after: 60.7 MB.

Unloading 4 unused Assets to reduce memory usage. Loaded Objects now: 1592.
Total: 1.446700 ms (FindLiveObjects: 0.110700 ms CreateObjectMapping: 0.030500 ms MarkObjects: 1.291800 ms  DeleteObjects: 0.012800 ms)

========================================================================
Received Prepare
Registering precompiled user dll's ...
Registered in 0.000651 seconds.
Begin MonoManager ReloadAssembly
Native extension for WindowsStandalone target not found
Refreshing native plugins compatible for Editor in 0.19 ms, found 0 plugins.
Preloading 0 native plugins for Editor in 0.00 ms.
Mono: successfully reloaded assembly
- Completed reload, in  0.706 seconds
Platform modules already initialized, skipping
Refreshing native plugins compatible for Editor in 0.19 ms, found 0 plugins.
Preloading 0 native plugins for Editor in 0.00 ms.
Unloading 1080 Unused Serialized files (Serialized files now loaded: 0)
System memory in use before: 60.7 MB.
System memory in use after: 60.8 MB.

Unloading 4 unused Assets to reduce memory usage. Loaded Objects now: 1595.
Total: 1.496000 ms (FindLiveObjects: 0.105500 ms CreateObjectMapping: 0.028100 ms MarkObjects: 1.348400 ms  DeleteObjects: 0.013100 ms)

========================================================================
Received Prepare
Registering precompiled user dll's ...
Registered in 0.000649 seconds.
Begin MonoManager ReloadAssembly
Native extension for WindowsStandalone target not found
Refreshing native plugins compatible for Editor in 0.24 ms, found 0 plugins.
Preloading 0 native plugins for Editor in 0.00 ms.
Mono: successfully reloaded assembly
- Completed reload, in  0.721 seconds
Platform modules already initialized, skipping
Refreshing native plugins compatible for Editor in 0.18 ms, found 0 plugins.
Preloading 0 native plugins for Editor in 0.00 ms.
Unloading 1080 Unused Serialized files (Serialized files now loaded: 0)
System memory in use before: 60.7 MB.
System memory in use after: 60.8 MB.

Unloading 4 unused Assets to reduce memory usage. Loaded Objects now: 1598.
Total: 1.431100 ms (FindLiveObjects: 0.124600 ms CreateObjectMapping: 0.031300 ms MarkObjects: 1.261500 ms  DeleteObjects: 0.012800 ms)

========================================================================
Received Prepare
Registering precompiled user dll's ...
Registered in 0.000657 seconds.
Begin MonoManager ReloadAssembly
Native extension for WindowsStandalone target not found
Refreshing native plugins compatible for Editor in 0.20 ms, found 0 plugins.
Preloading 0 native plugins for Editor in 0.00 ms.
Mono: successfully reloaded assembly
- Completed reload, in  0.710 seconds
Platform modules already initialized, skipping
Refreshing native plugins compatible for Editor in 0.18 ms, found 0 plugins.
Preloading 0 native plugins for Editor in 0.00 ms.
Unloading 1080 Unused Serialized files (Serialized files now loaded: 0)
System memory in use before: 60.7 MB.
System memory in use after: 60.8 MB.

Unloading 4 unused Assets to reduce memory usage. Loaded Objects now: 1601.
Total: 1.457800 ms (FindLiveObjects: 0.105000 ms CreateObjectMapping: 0.027500 ms MarkObjects: 1.311200 ms  DeleteObjects: 0.013400 ms)

========================================================================
Received Import Request.
  Time since last request: 559.442045 seconds.
  path: Assets/Scenes/Assets/EastsideCorridor.png
  artifactKey: Guid(5142996d1e38cbb4391fd90c2da21987) Importer(815301076,1909f56bfc062723c751e8b465ee728b)
Start importing Assets/Scenes/Assets/EastsideCorridor.png using Guid(5142996d1e38cbb4391fd90c2da21987) Importer(815301076,1909f56bfc062723c751e8b465ee728b)  -> (artifact id: '9ec765bab12684948924bc0e22bd77fa') in 0.046122 seconds
  Import took 0.048186 seconds .

========================================================================
Received Import Request.
  Time since last request: 235.137534 seconds.
  path: Assets/Scenes/Assets/yes .png
  artifactKey: Guid(b537d8adacd4251479eae8db5b5d553c) Importer(815301076,1909f56bfc062723c751e8b465ee728b)
Start importing Assets/Scenes/Assets/yes .png using Guid(b537d8adacd4251479eae8db5b5d553c) Importer(815301076,1909f56bfc062723c751e8b465ee728b)  -> (artifact id: 'dd1ccd444ac796242b32475576d0577b') in 0.013189 seconds
  Import took 0.015125 seconds .

========================================================================
Received Prepare
Registering precompiled user dll's ...
Registered in 0.000656 seconds.
Begin MonoManager ReloadAssembly
Native extension for WindowsStandalone target not found
Refreshing native plugins compatible for Editor in 0.20 ms, found 0 plugins.
Preloading 0 native plugins for Editor in 0.00 ms.
Mono: successfully reloaded assembly
- Completed reload, in  0.703 seconds
Platform modules already initialized, skipping
Refreshing native plugins compatible for Editor in 0.19 ms, found 0 plugins.
Preloading 0 native plugins for Editor in 0.00 ms.
Unloading 1080 Unused Serialized files (Serialized files now loaded: 0)
System memory in use before: 60.7 MB.
System memory in use after: 60.8 MB.

Unloading 4 unused Assets to reduce memory usage. Loaded Objects now: 1607.
Total: 1.485300 ms (FindLiveObjects: 0.112100 ms CreateObjectMapping: 0.026700 ms MarkObjects: 1.331500 ms  DeleteObjects: 0.014300 ms)

========================================================================
Received Prepare
Registering precompiled user dll's ...
Registered in 0.000649 seconds.
Begin MonoManager ReloadAssembly
Native extension for WindowsStandalone target not found
Refreshing native plugins compatible for Editor in 0.24 ms, found 0 plugins.
Preloading 0 native plugins for Editor in 0.00 ms.
Mono: successfully reloaded assembly
- Completed reload, in  0.729 seconds
Platform modules already initialized, skipping
Refreshing native plugins compatible for Editor in 0.19 ms, found 0 plugins.
Preloading 0 native plugins for Editor in 0.00 ms.
Unloading 1080 Unused Serialized files (Serialized files now loaded: 0)
System memory in use before: 60.7 MB.
System memory in use after: 60.8 MB.

Unloading 4 unused Assets to reduce memory usage. Loaded Objects now: 1610.
Total: 1.400300 ms (FindLiveObjects: 0.114400 ms CreateObjectMapping: 0.030500 ms MarkObjects: 1.241700 ms  DeleteObjects: 0.012900 ms)

========================================================================
Received Import Request.
  Time since last request: 711.582894 seconds.
  path: Assets/Imposter-Run2.png
  artifactKey: Guid(1ebdc11090c06b242abf160ddf6f01d3) Importer(815301076,1909f56bfc062723c751e8b465ee728b)
Start importing Assets/Imposter-Run2.png using Guid(1ebdc11090c06b242abf160ddf6f01d3) Importer(815301076,1909f56bfc062723c751e8b465ee728b)  -> (artifact id: '69a5efa8794e7a2d8abf8591003eddcf') in 0.042740 seconds
  Import took 0.044530 seconds .

========================================================================
Received Import Request.
  Time since last request: 0.000230 seconds.
  path: Assets/Imposter-Run3.png
  artifactKey: Guid(fd6b00bb38ee0674585d5a4653b864ce) Importer(815301076,1909f56bfc062723c751e8b465ee728b)
Start importing Assets/Imposter-Run3.png using Guid(fd6b00bb38ee0674585d5a4653b864ce) Importer(815301076,1909f56bfc062723c751e8b465ee728b)  -> (artifact id: '981aeea930770536fd7ccc737ca8162e') in 0.008512 seconds
  Import took 0.010349 seconds .

========================================================================
Received Import Request.
  Time since last request: 0.000232 seconds.
  path: Assets/Imposter-Idle.png
  artifactKey: Guid(bc4a82ece1d048642be170be945b2ae5) Importer(815301076,1909f56bfc062723c751e8b465ee728b)
Start importing Assets/Imposter-Idle.png using Guid(bc4a82ece1d048642be170be945b2ae5) Importer(815301076,1909f56bfc062723c751e8b465ee728b)  -> (artifact id: 'ee367733ebcef5a35c16569a4b9ec210') in 0.007539 seconds
  Import took 0.009096 seconds .

========================================================================
Received Import Request.
  Time since last request: 1.530029 seconds.
  path: Assets/Imposter-Run1.png
  artifactKey: Guid(c7c656091e3c60a4ebf85cb0ea7e5770) Importer(815301076,1909f56bfc062723c751e8b465ee728b)
Start importing Assets/Imposter-Run1.png using Guid(c7c656091e3c60a4ebf85cb0ea7e5770) Importer(815301076,1909f56bfc062723c751e8b465ee728b)  -> (artifact id: '06b946ca09f088965b18eb943fff5f29') in 0.008772 seconds
  Import took 0.010600 seconds .

========================================================================
Received Prepare
Registering precompiled user dll's ...
Registered in 0.000647 seconds.
Begin MonoManager ReloadAssembly
Native extension for WindowsStandalone target not found
Refreshing native plugins compatible for Editor in 0.19 ms, found 0 plugins.
Preloading 0 native plugins for Editor in 0.00 ms.
Mono: successfully reloaded assembly
- Completed reload, in  0.713 seconds
Platform modules already initialized, skipping
Refreshing native plugins compatible for Editor in 0.17 ms, found 0 plugins.
Preloading 0 native plugins for Editor in 0.00 ms.
Unloading 1080 Unused Serialized files (Serialized files now loaded: 0)
System memory in use before: 60.7 MB.
System memory in use after: 60.8 MB.

Unloading 4 unused Assets to reduce memory usage. Loaded Objects now: 1614.
Total: 1.486000 ms (FindLiveObjects: 0.110900 ms CreateObjectMapping: 0.029100 ms MarkObjects: 1.332100 ms  DeleteObjects: 0.013100 ms)

========================================================================
Received Import Request.
  Time since last request: 48.447600 seconds.
  path: Assets/Imposter-Idle.png
  artifactKey: Guid(bc4a82ece1d048642be170be945b2ae5) Importer(815301076,1909f56bfc062723c751e8b465ee728b)
Start importing Assets/Imposter-Idle.png using Guid(bc4a82ece1d048642be170be945b2ae5) Importer(815301076,1909f56bfc062723c751e8b465ee728b)  -> (artifact id: '9b56098607baead032ed3201564b79c8') in 0.042404 seconds
  Import took 0.044141 seconds .

========================================================================
Received Import Request.
  Time since last request: 0.000284 seconds.
  path: Assets/Imposter-Run2.png
  artifactKey: Guid(1ebdc11090c06b242abf160ddf6f01d3) Importer(815301076,1909f56bfc062723c751e8b465ee728b)
Start importing Assets/Imposter-Run2.png using Guid(1ebdc11090c06b242abf160ddf6f01d3) Importer(815301076,1909f56bfc062723c751e8b465ee728b)  -> (artifact id: 'de664595660ec040a8cc8e05716ca70d') in 0.008065 seconds
  Import took 0.009887 seconds .

========================================================================
Received Import Request.
  Time since last request: 0.000275 seconds.
  path: Assets/Imposter-Run3.png
  artifactKey: Guid(fd6b00bb38ee0674585d5a4653b864ce) Importer(815301076,1909f56bfc062723c751e8b465ee728b)
Start importing Assets/Imposter-Run3.png using Guid(fd6b00bb38ee0674585d5a4653b864ce) Importer(815301076,1909f56bfc062723c751e8b465ee728b)  -> (artifact id: '93afcc5691335ea6af660d6230734e08') in 0.007932 seconds
  Import took 0.009492 seconds .

========================================================================
Received Import Request.
  Time since last request: 0.000274 seconds.
  path: Assets/Imposter-Run1.png
  artifactKey: Guid(c7c656091e3c60a4ebf85cb0ea7e5770) Importer(815301076,1909f56bfc062723c751e8b465ee728b)
Start importing Assets/Imposter-Run1.png using Guid(c7c656091e3c60a4ebf85cb0ea7e5770) Importer(815301076,1909f56bfc062723c751e8b465ee728b)  -> (artifact id: '3d054f4eb24072401654acac866eafc7') in 0.008647 seconds
  Import took 0.010356 seconds .

========================================================================
Received Prepare
Registering precompiled user dll's ...
Registered in 0.000620 seconds.
Begin MonoManager ReloadAssembly
Native extension for WindowsStandalone target not found
Refreshing native plugins compatible for Editor in 0.19 ms, found 0 plugins.
Preloading 0 native plugins for Editor in 0.00 ms.
Mono: successfully reloaded assembly
- Completed reload, in  0.728 seconds
Platform modules already initialized, skipping
Refreshing native plugins compatible for Editor in 0.22 ms, found 0 plugins.
Preloading 0 native plugins for Editor in 0.00 ms.
Unloading 1080 Unused Serialized files (Serialized files now loaded: 0)
System memory in use before: 60.7 MB.
System memory in use after: 60.8 MB.

Unloading 4 unused Assets to reduce memory usage. Loaded Objects now: 1618.
Total: 1.887100 ms (FindLiveObjects: 0.130700 ms CreateObjectMapping: 0.033500 ms MarkObjects: 1.702200 ms  DeleteObjects: 0.019000 ms)

========================================================================
Received Import Request.
  Time since last request: 114.674834 seconds.
  path: Assets/amougusu sapce.png
  artifactKey: Guid(00d1f12cfb026924ea92a5bb598797d7) Importer(815301076,1909f56bfc062723c751e8b465ee728b)
Start importing Assets/amougusu sapce.png using Guid(00d1f12cfb026924ea92a5bb598797d7) Importer(815301076,1909f56bfc062723c751e8b465ee728b)  -> (artifact id: '8710b38894e72b8b54a1dca003fdab23') in 0.047698 seconds
  Import took 0.049500 seconds .

========================================================================
Received Prepare
Registering precompiled user dll's ...
Registered in 0.000611 seconds.
Begin MonoManager ReloadAssembly
Native extension for WindowsStandalone target not found
Refreshing native plugins compatible for Editor in 0.19 ms, found 0 plugins.
Preloading 0 native plugins for Editor in 0.00 ms.
Mono: successfully reloaded assembly
- Completed reload, in  0.714 seconds
Platform modules already initialized, skipping
Refreshing native plugins compatible for Editor in 0.18 ms, found 0 plugins.
Preloading 0 native plugins for Editor in 0.00 ms.
Unloading 1080 Unused Serialized files (Serialized files now loaded: 0)
System memory in use before: 60.7 MB.
System memory in use after: 60.8 MB.

Unloading 4 unused Assets to reduce memory usage. Loaded Objects now: 1624.
Total: 1.444400 ms (FindLiveObjects: 0.119300 ms CreateObjectMapping: 0.030800 ms MarkObjects: 1.279400 ms  DeleteObjects: 0.014100 ms)

========================================================================
Received Prepare
Registering precompiled user dll's ...
Registered in 0.000662 seconds.
Begin MonoManager ReloadAssembly
Native extension for WindowsStandalone target not found
Refreshing native plugins compatible for Editor in 0.19 ms, found 0 plugins.
Preloading 0 native plugins for Editor in 0.00 ms.
Mono: successfully reloaded assembly
- Completed reload, in  0.705 seconds
Platform modules already initialized, skipping
Refreshing native plugins compatible for Editor in 0.19 ms, found 0 plugins.
Preloading 0 native plugins for Editor in 0.00 ms.
Unloading 1080 Unused Serialized files (Serialized files now loaded: 0)
System memory in use before: 60.8 MB.
System memory in use after: 60.8 MB.

Unloading 4 unused Assets to reduce memory usage. Loaded Objects now: 1627.
Total: 1.407400 ms (FindLiveObjects: 0.114500 ms CreateObjectMapping: 0.030500 ms MarkObjects: 1.247900 ms  DeleteObjects: 0.013500 ms)

========================================================================
Received Prepare
Registering precompiled user dll's ...
Registered in 0.000749 seconds.
Begin MonoManager ReloadAssembly
Native extension for WindowsStandalone target not found
Refreshing native plugins compatible for Editor in 0.19 ms, found 0 plugins.
Preloading 0 native plugins for Editor in 0.00 ms.
Mono: successfully reloaded assembly
- Completed reload, in  0.712 seconds
Platform modules already initialized, skipping
Refreshing native plugins compatible for Editor in 0.17 ms, found 0 plugins.
Preloading 0 native plugins for Editor in 0.00 ms.
Unloading 1080 Unused Serialized files (Serialized files now loaded: 0)
System memory in use before: 60.8 MB.
System memory in use after: 60.9 MB.

Unloading 4 unused Assets to reduce memory usage. Loaded Objects now: 1630.
Total: 1.491300 ms (FindLiveObjects: 0.117900 ms CreateObjectMapping: 0.028200 ms MarkObjects: 1.329400 ms  DeleteObjects: 0.015000 ms)

========================================================================
Received Prepare
Registering precompiled user dll's ...
Registered in 0.000634 seconds.
Begin MonoManager ReloadAssembly
Native extension for WindowsStandalone target not found
Refreshing native plugins compatible for Editor in 0.19 ms, found 0 plugins.
Preloading 0 native plugins for Editor in 0.00 ms.
Mono: successfully reloaded assembly
- Completed reload, in  0.708 seconds
Platform modules already initialized, skipping
Refreshing native plugins compatible for Editor in 0.19 ms, found 0 plugins.
Preloading 0 native plugins for Editor in 0.00 ms.
Unloading 1080 Unused Serialized files (Serialized files now loaded: 0)
System memory in use before: 60.8 MB.
System memory in use after: 60.9 MB.

Unloading 4 unused Assets to reduce memory usage. Loaded Objects now: 1633.
Total: 1.490200 ms (FindLiveObjects: 0.109300 ms CreateObjectMapping: 0.027300 ms MarkObjects: 1.339600 ms  DeleteObjects: 0.013100 ms)

AssetImportWorkerClient::OnTransportError - code=2 error=End of file
